<?xml version="1.0" encoding="UTF-8"?>
<testsuite xmlns:xsi="http://www.w3.org/2001/XMLSchema-instance" xsi:noNamespaceSchemaLocation="https://maven.apache.org/surefire/maven-surefire-plugin/xsd/surefire-test-report-3.0.xsd" version="3.0" name="in.stackroute.ust.dockerspringrest.DockerSpringRestApplicationTests" time="3.242" tests="1" errors="0" skipped="0" failures="0">
  <properties>
    <property name="java.specification.version" value="17"/>
    <property name="sun.cpu.isalist" value="amd64"/>
    <property name="sun.jnu.encoding" value="Cp1252"/>
    <property name="java.class.path" value="D:\ust\microservices\docker-spring-rest\target\test-classes;D:\ust\microservices\docker-spring-rest\target\classes;D:\apache\localrepo\org\springframework\boot\spring-boot-starter-web\3.1.0\spring-boot-starter-web-3.1.0.jar;D:\apache\localrepo\org\springframework\boot\spring-boot-starter\3.1.0\spring-boot-starter-3.1.0.jar;D:\apache\localrepo\org\springframework\boot\spring-boot\3.1.0\spring-boot-3.1.0.jar;D:\apache\localrepo\org\springframework\boot\spring-boot-autoconfigure\3.1.0\spring-boot-autoconfigure-3.1.0.jar;D:\apache\localrepo\org\springframework\boot\spring-boot-starter-logging\3.1.0\spring-boot-starter-logging-3.1.0.jar;D:\apache\localrepo\ch\qos\logback\logback-classic\1.4.7\logback-classic-1.4.7.jar;D:\apache\localrepo\ch\qos\logback\logback-core\1.4.7\logback-core-1.4.7.jar;D:\apache\localrepo\org\apache\logging\log4j\log4j-to-slf4j\2.20.0\log4j-to-slf4j-2.20.0.jar;D:\apache\localrepo\org\apache\logging\log4j\log4j-api\2.20.0\log4j-api-2.20.0.jar;D:\apache\localrepo\org\slf4j\jul-to-slf4j\2.0.7\jul-to-slf4j-2.0.7.jar;D:\apache\localrepo\jakarta\annotation\jakarta.annotation-api\2.1.1\jakarta.annotation-api-2.1.1.jar;D:\apache\localrepo\org\yaml\snakeyaml\1.33\snakeyaml-1.33.jar;D:\apache\localrepo\org\springframework\boot\spring-boot-starter-json\3.1.0\spring-boot-starter-json-3.1.0.jar;D:\apache\localrepo\com\fasterxml\jackson\core\jackson-databind\2.15.0\jackson-databind-2.15.0.jar;D:\apache\localrepo\com\fasterxml\jackson\core\jackson-annotations\2.15.0\jackson-annotations-2.15.0.jar;D:\apache\localrepo\com\fasterxml\jackson\core\jackson-core\2.15.0\jackson-core-2.15.0.jar;D:\apache\localrepo\com\fasterxml\jackson\datatype\jackson-datatype-jdk8\2.15.0\jackson-datatype-jdk8-2.15.0.jar;D:\apache\localrepo\com\fasterxml\jackson\datatype\jackson-datatype-jsr310\2.15.0\jackson-datatype-jsr310-2.15.0.jar;D:\apache\localrepo\com\fasterxml\jackson\module\jackson-module-parameter-names\2.15.0\jackson-module-parameter-names-2.15.0.jar;D:\apache\localrepo\org\springframework\boot\spring-boot-starter-tomcat\3.1.0\spring-boot-starter-tomcat-3.1.0.jar;D:\apache\localrepo\org\apache\tomcat\embed\tomcat-embed-core\10.1.8\tomcat-embed-core-10.1.8.jar;D:\apache\localrepo\org\apache\tomcat\embed\tomcat-embed-el\10.1.8\tomcat-embed-el-10.1.8.jar;D:\apache\localrepo\org\apache\tomcat\embed\tomcat-embed-websocket\10.1.8\tomcat-embed-websocket-10.1.8.jar;D:\apache\localrepo\org\springframework\spring-web\6.0.9\spring-web-6.0.9.jar;D:\apache\localrepo\org\springframework\spring-beans\6.0.9\spring-beans-6.0.9.jar;D:\apache\localrepo\io\micrometer\micrometer-observation\1.11.0\micrometer-observation-1.11.0.jar;D:\apache\localrepo\io\micrometer\micrometer-commons\1.11.0\micrometer-commons-1.11.0.jar;D:\apache\localrepo\org\springframework\spring-webmvc\6.0.9\spring-webmvc-6.0.9.jar;D:\apache\localrepo\org\springframework\spring-aop\6.0.9\spring-aop-6.0.9.jar;D:\apache\localrepo\org\springframework\spring-context\6.0.9\spring-context-6.0.9.jar;D:\apache\localrepo\org\springframework\spring-expression\6.0.9\spring-expression-6.0.9.jar;D:\apache\localrepo\org\springframework\boot\spring-boot-starter-test\3.1.0\spring-boot-starter-test-3.1.0.jar;D:\apache\localrepo\org\springframework\boot\spring-boot-test\3.1.0\spring-boot-test-3.1.0.jar;D:\apache\localrepo\org\springframework\boot\spring-boot-test-autoconfigure\3.1.0\spring-boot-test-autoconfigure-3.1.0.jar;D:\apache\localrepo\com\jayway\jsonpath\json-path\2.8.0\json-path-2.8.0.jar;D:\apache\localrepo\org\slf4j\slf4j-api\2.0.7\slf4j-api-2.0.7.jar;D:\apache\localrepo\jakarta\xml\bind\jakarta.xml.bind-api\4.0.0\jakarta.xml.bind-api-4.0.0.jar;D:\apache\localrepo\jakarta\activation\jakarta.activation-api\2.1.2\jakarta.activation-api-2.1.2.jar;D:\apache\localrepo\net\minidev\json-smart\2.4.10\json-smart-2.4.10.jar;D:\apache\localrepo\net\minidev\accessors-smart\2.4.9\accessors-smart-2.4.9.jar;D:\apache\localrepo\org\ow2\asm\asm\9.3\asm-9.3.jar;D:\apache\localrepo\org\assertj\assertj-core\3.24.2\assertj-core-3.24.2.jar;D:\apache\localrepo\net\bytebuddy\byte-buddy\1.14.4\byte-buddy-1.14.4.jar;D:\apache\localrepo\org\hamcrest\hamcrest\2.2\hamcrest-2.2.jar;D:\apache\localrepo\org\junit\jupiter\junit-jupiter\5.9.3\junit-jupiter-5.9.3.jar;D:\apache\localrepo\org\junit\jupiter\junit-jupiter-api\5.9.3\junit-jupiter-api-5.9.3.jar;D:\apache\localrepo\org\opentest4j\opentest4j\1.2.0\opentest4j-1.2.0.jar;D:\apache\localrepo\org\junit\platform\junit-platform-commons\1.9.3\junit-platform-commons-1.9.3.jar;D:\apache\localrepo\org\apiguardian\apiguardian-api\1.1.2\apiguardian-api-1.1.2.jar;D:\apache\localrepo\org\junit\jupiter\junit-jupiter-params\5.9.3\junit-jupiter-params-5.9.3.jar;D:\apache\localrepo\org\junit\jupiter\junit-jupiter-engine\5.9.3\junit-jupiter-engine-5.9.3.jar;D:\apache\localrepo\org\junit\platform\junit-platform-engine\1.9.3\junit-platform-engine-1.9.3.jar;D:\apache\localrepo\org\mockito\mockito-core\5.3.1\mockito-core-5.3.1.jar;D:\apache\localrepo\net\bytebuddy\byte-buddy-agent\1.14.4\byte-buddy-agent-1.14.4.jar;D:\apache\localrepo\org\objenesis\objenesis\3.3\objenesis-3.3.jar;D:\apache\localrepo\org\mockito\mockito-junit-jupiter\5.3.1\mockito-junit-jupiter-5.3.1.jar;D:\apache\localrepo\org\skyscreamer\jsonassert\1.5.1\jsonassert-1.5.1.jar;D:\apache\localrepo\com\vaadin\external\google\android-json\0.0.20131108.vaadin1\android-json-0.0.20131108.vaadin1.jar;D:\apache\localrepo\org\springframework\spring-core\6.0.9\spring-core-6.0.9.jar;D:\apache\localrepo\org\springframework\spring-jcl\6.0.9\spring-jcl-6.0.9.jar;D:\apache\localrepo\org\springframework\spring-test\6.0.9\spring-test-6.0.9.jar;D:\apache\localrepo\org\xmlunit\xmlunit-core\2.9.1\xmlunit-core-2.9.1.jar;"/>
    <property name="java.vm.vendor" value="GraalVM Community"/>
    <property name="sun.arch.data.model" value="64"/>
    <property name="user.variant" value=""/>
    <property name="java.vendor.url" value="https://www.graalvm.org/"/>
    <property name="user.timezone" value="Asia/Calcutta"/>
    <property name="os.name" value="Windows 11"/>
    <property name="java.vm.specification.version" value="17"/>
    <property name="sun.java.launcher" value="SUN_STANDARD"/>
    <property name="user.country" value="IN"/>
    <property name="sun.boot.library.path" value="D:\graalvm-ce-java17-22.3.2\bin"/>
    <property name="sun.java.command" value="C:\Users\Ashis\AppData\Local\Temp\surefire17249727521710011941\surefirebooter-20230524145406496_3.jar C:\Users\Ashis\AppData\Local\Temp\surefire17249727521710011941 2023-05-24T14-54-05_615-jvmRun1 surefire-20230524145406496_1tmp surefire_0-20230524145406496_2tmp"/>
    <property name="jdk.debug" value="release"/>
    <property name="surefire.test.class.path" value="D:\ust\microservices\docker-spring-rest\target\test-classes;D:\ust\microservices\docker-spring-rest\target\classes;D:\apache\localrepo\org\springframework\boot\spring-boot-starter-web\3.1.0\spring-boot-starter-web-3.1.0.jar;D:\apache\localrepo\org\springframework\boot\spring-boot-starter\3.1.0\spring-boot-starter-3.1.0.jar;D:\apache\localrepo\org\springframework\boot\spring-boot\3.1.0\spring-boot-3.1.0.jar;D:\apache\localrepo\org\springframework\boot\spring-boot-autoconfigure\3.1.0\spring-boot-autoconfigure-3.1.0.jar;D:\apache\localrepo\org\springframework\boot\spring-boot-starter-logging\3.1.0\spring-boot-starter-logging-3.1.0.jar;D:\apache\localrepo\ch\qos\logback\logback-classic\1.4.7\logback-classic-1.4.7.jar;D:\apache\localrepo\ch\qos\logback\logback-core\1.4.7\logback-core-1.4.7.jar;D:\apache\localrepo\org\apache\logging\log4j\log4j-to-slf4j\2.20.0\log4j-to-slf4j-2.20.0.jar;D:\apache\localrepo\org\apache\logging\log4j\log4j-api\2.20.0\log4j-api-2.20.0.jar;D:\apache\localrepo\org\slf4j\jul-to-slf4j\2.0.7\jul-to-slf4j-2.0.7.jar;D:\apache\localrepo\jakarta\annotation\jakarta.annotation-api\2.1.1\jakarta.annotation-api-2.1.1.jar;D:\apache\localrepo\org\yaml\snakeyaml\1.33\snakeyaml-1.33.jar;D:\apache\localrepo\org\springframework\boot\spring-boot-starter-json\3.1.0\spring-boot-starter-json-3.1.0.jar;D:\apache\localrepo\com\fasterxml\jackson\core\jackson-databind\2.15.0\jackson-databind-2.15.0.jar;D:\apache\localrepo\com\fasterxml\jackson\core\jackson-annotations\2.15.0\jackson-annotations-2.15.0.jar;D:\apache\localrepo\com\fasterxml\jackson\core\jackson-core\2.15.0\jackson-core-2.15.0.jar;D:\apache\localrepo\com\fasterxml\jackson\datatype\jackson-datatype-jdk8\2.15.0\jackson-datatype-jdk8-2.15.0.jar;D:\apache\localrepo\com\fasterxml\jackson\datatype\jackson-datatype-jsr310\2.15.0\jackson-datatype-jsr310-2.15.0.jar;D:\apache\localrepo\com\fasterxml\jackson\module\jackson-module-parameter-names\2.15.0\jackson-module-parameter-names-2.15.0.jar;D:\apache\localrepo\org\springframework\boot\spring-boot-starter-tomcat\3.1.0\spring-boot-starter-tomcat-3.1.0.jar;D:\apache\localrepo\org\apache\tomcat\embed\tomcat-embed-core\10.1.8\tomcat-embed-core-10.1.8.jar;D:\apache\localrepo\org\apache\tomcat\embed\tomcat-embed-el\10.1.8\tomcat-embed-el-10.1.8.jar;D:\apache\localrepo\org\apache\tomcat\embed\tomcat-embed-websocket\10.1.8\tomcat-embed-websocket-10.1.8.jar;D:\apache\localrepo\org\springframework\spring-web\6.0.9\spring-web-6.0.9.jar;D:\apache\localrepo\org\springframework\spring-beans\6.0.9\spring-beans-6.0.9.jar;D:\apache\localrepo\io\micrometer\micrometer-observation\1.11.0\micrometer-observation-1.11.0.jar;D:\apache\localrepo\io\micrometer\micrometer-commons\1.11.0\micrometer-commons-1.11.0.jar;D:\apache\localrepo\org\springframework\spring-webmvc\6.0.9\spring-webmvc-6.0.9.jar;D:\apache\localrepo\org\springframework\spring-aop\6.0.9\spring-aop-6.0.9.jar;D:\apache\localrepo\org\springframework\spring-context\6.0.9\spring-context-6.0.9.jar;D:\apache\localrepo\org\springframework\spring-expression\6.0.9\spring-expression-6.0.9.jar;D:\apache\localrepo\org\springframework\boot\spring-boot-starter-test\3.1.0\spring-boot-starter-test-3.1.0.jar;D:\apache\localrepo\org\springframework\boot\spring-boot-test\3.1.0\spring-boot-test-3.1.0.jar;D:\apache\localrepo\org\springframework\boot\spring-boot-test-autoconfigure\3.1.0\spring-boot-test-autoconfigure-3.1.0.jar;D:\apache\localrepo\com\jayway\jsonpath\json-path\2.8.0\json-path-2.8.0.jar;D:\apache\localrepo\org\slf4j\slf4j-api\2.0.7\slf4j-api-2.0.7.jar;D:\apache\localrepo\jakarta\xml\bind\jakarta.xml.bind-api\4.0.0\jakarta.xml.bind-api-4.0.0.jar;D:\apache\localrepo\jakarta\activation\jakarta.activation-api\2.1.2\jakarta.activation-api-2.1.2.jar;D:\apache\localrepo\net\minidev\json-smart\2.4.10\json-smart-2.4.10.jar;D:\apache\localrepo\net\minidev\accessors-smart\2.4.9\accessors-smart-2.4.9.jar;D:\apache\localrepo\org\ow2\asm\asm\9.3\asm-9.3.jar;D:\apache\localrepo\org\assertj\assertj-core\3.24.2\assertj-core-3.24.2.jar;D:\apache\localrepo\net\bytebuddy\byte-buddy\1.14.4\byte-buddy-1.14.4.jar;D:\apache\localrepo\org\hamcrest\hamcrest\2.2\hamcrest-2.2.jar;D:\apache\localrepo\org\junit\jupiter\junit-jupiter\5.9.3\junit-jupiter-5.9.3.jar;D:\apache\localrepo\org\junit\jupiter\junit-jupiter-api\5.9.3\junit-jupiter-api-5.9.3.jar;D:\apache\localrepo\org\opentest4j\opentest4j\1.2.0\opentest4j-1.2.0.jar;D:\apache\localrepo\org\junit\platform\junit-platform-commons\1.9.3\junit-platform-commons-1.9.3.jar;D:\apache\localrepo\org\apiguardian\apiguardian-api\1.1.2\apiguardian-api-1.1.2.jar;D:\apache\localrepo\org\junit\jupiter\junit-jupiter-params\5.9.3\junit-jupiter-params-5.9.3.jar;D:\apache\localrepo\org\junit\jupiter\junit-jupiter-engine\5.9.3\junit-jupiter-engine-5.9.3.jar;D:\apache\localrepo\org\junit\platform\junit-platform-engine\1.9.3\junit-platform-engine-1.9.3.jar;D:\apache\localrepo\org\mockito\mockito-core\5.3.1\mockito-core-5.3.1.jar;D:\apache\localrepo\net\bytebuddy\byte-buddy-agent\1.14.4\byte-buddy-agent-1.14.4.jar;D:\apache\localrepo\org\objenesis\objenesis\3.3\objenesis-3.3.jar;D:\apache\localrepo\org\mockito\mockito-junit-jupiter\5.3.1\mockito-junit-jupiter-5.3.1.jar;D:\apache\localrepo\org\skyscreamer\jsonassert\1.5.1\jsonassert-1.5.1.jar;D:\apache\localrepo\com\vaadin\external\google\android-json\0.0.20131108.vaadin1\android-json-0.0.20131108.vaadin1.jar;D:\apache\localrepo\org\springframework\spring-core\6.0.9\spring-core-6.0.9.jar;D:\apache\localrepo\org\springframework\spring-jcl\6.0.9\spring-jcl-6.0.9.jar;D:\apache\localrepo\org\springframework\spring-test\6.0.9\spring-test-6.0.9.jar;D:\apache\localrepo\org\xmlunit\xmlunit-core\2.9.1\xmlunit-core-2.9.1.jar;"/>
    <property name="sun.cpu.endian" value="little"/>
    <property name="user.home" value="C:\Users\Ashis"/>
    <property name="user.language" value="en"/>
    <property name="java.specification.vendor" value="Oracle Corporation"/>
    <property name="java.version.date" value="2023-04-18"/>
    <property name="java.home" value="D:\graalvm-ce-java17-22.3.2"/>
    <property name="file.separator" value="\"/>
    <property name="basedir" value="D:\ust\microservices\docker-spring-rest"/>
    <property name="java.vm.compressedOopsMode" value="Zero based"/>
    <property name="jdk.internal.vm.ci.enabled" value="true"/>
    <property name="line.separator" value="&#10;"/>
    <property name="java.vm.specification.vendor" value="Oracle Corporation"/>
    <property name="java.specification.name" value="Java Platform API Specification"/>
    <property name="FILE_LOG_CHARSET" value="windows-1252"/>
    <property name="java.awt.headless" value="true"/>
    <property name="surefire.real.class.path" value="C:\Users\Ashis\AppData\Local\Temp\surefire17249727521710011941\surefirebooter-20230524145406496_3.jar"/>
    <property name="user.script" value=""/>
    <property name="sun.management.compiler" value="HotSpot 64-Bit Tiered Compilers"/>
    <property name="java.runtime.version" value="17.0.7+7-jvmci-22.3-b18"/>
    <property name="user.name" value="Ashis"/>
    <property name="path.separator" value=";"/>
    <property name="os.version" value="10.0"/>
    <property name="java.runtime.name" value="OpenJDK Runtime Environment"/>
    <property name="file.encoding" value="Cp1252"/>
    <property name="java.vm.name" value="OpenJDK 64-Bit Server VM"/>
    <property name="java.vendor.version" value="GraalVM CE 22.3.2"/>
    <property name="localRepository" value="D:\apache\localrepo"/>
    <property name="java.vendor.url.bug" value="https://github.com/oracle/graal/issues"/>
    <property name="java.io.tmpdir" value="C:\Users\Ashis\AppData\Local\Temp\"/>
    <property name="java.version" value="17.0.7"/>
    <property name="user.dir" value="D:\ust\microservices\docker-spring-rest"/>
    <property name="os.arch" value="amd64"/>
    <property name="java.vm.specification.name" value="Java Virtual Machine Specification"/>
    <property name="PID" value="9252"/>
    <property name="sun.os.patch.level" value=""/>
    <property name="CONSOLE_LOG_CHARSET" value="windows-1252"/>
    <property name="native.encoding" value="Cp1252"/>
    <property name="java.library.path" value="D:\graalvm-ce-java17-22.3.2\bin;C:\WINDOWS\Sun\Java\bin;C:\WINDOWS\system32;C:\WINDOWS;D:\oracle\product\21c\dbhomeXE\bin;D:\app\Ashis\product\21c\dbhomeXE\bin;C:\Program Files\Microsoft MPI\Bin\;C:\Windows\system32;C:\Windows;C:\Windows\System32\Wbem;C:\Windows\System32\WindowsPowerShell\v1.0\;C:\Windows\System32\OpenSSH\;C:\Program Files (x86)\NVIDIA Corporation\PhysX\Common;C:\Program Files\NVIDIA Corporation\NVIDIA NvDLISR;C:\Program Files\Intel\WiFi\bin\;C:\Program Files\Common Files\Intel\WirelessCommon\;C:\WINDOWS\system32;C:\WINDOWS;C:\WINDOWS\System32\Wbem;C:\WINDOWS\System32\WindowsPowerShell\v1.0\;C:\WINDOWS\System32\OpenSSH\;D:\nodejs\;C:\ProgramData\chocolatey\bin;D:\Git\cmd;C:\Program Files\Azure Data Studio\bin;C:\Program Files\Docker\Docker\resources\bin;C:\Program Files\MySQL\MySQL Shell 8.0\bin\;C:\Users\Ashis\AppData\Local\Microsoft\WindowsApps;D:\apache\apache-maven-3.8.1\bin;D:\Microsoft VS Code\bin;D:\IntelliJ IDEA Community Edition 2022.3\bin;C:\Users\Ashis\AppData\Roaming\npm;C:\Users\Ashis\AppData\Local\Programs\Hyper\resources\bin;C:\Program Files\Azure Data Studio\bin;C:\Users\Ashis\AppData\Local\JetBrains\Toolbox\scripts;C:\Program Files\MySQL\MySQL Server 8.0\bin;C:\Users\Ashis\AppData\Local\Programs\oh-my-posh\bin;D:\graalvm-ce-java17-22.3.2\bin;D:\JetBrains\IntelliJ IDEA 2023.1.2\bin;;D:\cmder;;."/>
    <property name="java.vm.info" value="mixed mode, sharing"/>
    <property name="java.vendor" value="GraalVM Community"/>
    <property name="java.vm.version" value="17.0.7+7-jvmci-22.3-b18"/>
    <property name="sun.io.unicode.encoding" value="UnicodeLittle"/>
    <property name="java.class.version" value="61.0"/>
  </properties>
  <testcase name="contextLoads" classname="in.stackroute.ust.dockerspringrest.DockerSpringRestApplicationTests" time="1.128">
    <system-out><![CDATA[14:54:07.752 [main] INFO org.springframework.test.context.support.AnnotationConfigContextLoaderUtils -- Could not detect default configuration classes for test class [in.stackroute.ust.dockerspringrest.DockerSpringRestApplicationTests]: DockerSpringRestApplicationTests does not declare any static, non-private, non-final, nested classes annotated with @Configuration.
14:54:07.872 [main] INFO org.springframework.boot.test.context.SpringBootTestContextBootstrapper -- Found @SpringBootConfiguration in.stackroute.ust.dockerspringrest.DockerSpringRestApplication for test class in.stackroute.ust.dockerspringrest.DockerSpringRestApplicationTests

  .   ____          _            __ _ _
 /\\ / ___'_ __ _ _(_)_ __  __ _ \ \ \ \
( ( )\___ | '_ | '_| | '_ \/ _` | \ \ \ \
 \\/  ___)| |_)| | | | | || (_| |  ) ) ) )
  '  |____| .__|_| |_|_| |_\__, | / / / /
 =========|_|==============|___/=/_/_/_/
 :: Spring Boot ::                (v3.1.0)

2023-05-24T14:54:08.357+05:30  INFO 9252 --- [           main] i.s.u.d.DockerSpringRestApplicationTests : Starting DockerSpringRestApplicationTests using Java 17.0.7 with PID 9252 (started by Ashis in D:\ust\microservices\docker-spring-rest)
2023-05-24T14:54:08.358+05:30  INFO 9252 --- [           main] i.s.u.d.DockerSpringRestApplicationTests : No active profile set, falling back to 1 default profile: "default"
2023-05-24T14:54:09.671+05:30  INFO 9252 --- [           main] i.s.u.d.DockerSpringRestApplicationTests : Started DockerSpringRestApplicationTests in 1.646 seconds (process running for 3.038)
]]></system-out>
  </testcase>
</testsuite>